<?xml version="1.0" encoding="UTF-8"?>
<!-- Generated by org.testng.reporters.JUnitReportReporter -->
<testsuite hostname="LAPTOP-LH52QS4R" failures="0" tests="1" name="dBAndSelenium.DatabaseTestingUsingSelenium" time="65.632" errors="0" timestamp="5 Sep 2022 14:56:47 GMT">
  <testcase classname="dBAndSelenium.DatabaseTestingUsingSelenium" name="databaseTestingUsingSelenium" time="65.632"/>
</testsuite> <!-- dBAndSelenium.DatabaseTestingUsingSelenium -->
