<?xml version="1.0" encoding="UTF-8"?>
<!-- Generated by org.testng.reporters.JUnitReportReporter -->
<testsuite hostname="LAPTOP-LH52QS4R" failures="0" tests="1" name="dBAndSelenium.DatabaseTestingUsingSelenium" time="45.369" errors="0" timestamp="2022-08-26T13:47:40 AST" skipped="0">
  <testcase classname="dBAndSelenium.DatabaseTestingUsingSelenium" name="databaseTestingUsingSelenium" time="45.369"/>
  <system-out/>
</testsuite> <!-- dBAndSelenium.DatabaseTestingUsingSelenium -->
