<?xml version="1.0" encoding="UTF-8"?>
<!-- Generated by org.testng.reporters.JUnitReportReporter -->
<testsuite hostname="LAPTOP-LH52QS4R" failures="0" tests="8" name="StoredProceduresTesting.SP_MySQL_Testing" time="0.094" errors="0" timestamp="2022-09-05T21:48:54 AST" skipped="0">
  <testcase classname="StoredProceduresTesting.SP_MySQL_Testing" name="test_Stored_Procedure_Exist" time="0.021"/>
  <system-out/>
  <testcase classname="StoredProceduresTesting.SP_MySQL_Testing" name="test_SelectAllCustomers" time="0.026"/>
  <system-out/>
  <testcase classname="StoredProceduresTesting.SP_MySQL_Testing" name="test_CustomerAndAccountType" time="0.012"/>
  <system-out/>
  <testcase classname="StoredProceduresTesting.SP_MySQL_Testing" name="test_Valid_LogIn_Data" time="0.011"/>
  <system-out/>
  <testcase classname="StoredProceduresTesting.SP_MySQL_Testing" name="test_Invalid_UserName_LogIn_Data" time="0.008"/>
  <system-out/>
  <testcase classname="StoredProceduresTesting.SP_MySQL_Testing" name="test_Invalid_Pass_LogIn_Data" time="0.006"/>
  <system-out/>
  <testcase classname="StoredProceduresTesting.SP_MySQL_Testing" name="test_Invalid_UserNameandPass_LogIn_Data" time="0.007"/>
  <system-out/>
  <testcase classname="StoredProceduresTesting.SP_MySQL_Testing" name="test_Invalid_Stored_Procedure_Name" time="0.003"/>
  <system-out/>
</testsuite> <!-- StoredProceduresTesting.SP_MySQL_Testing -->
